# JRE version: Java(TM) SE Runtime Environment (21.0.3+7) (build 21.0.3+7-LTS-152)
# Java VM: Java HotSpot(TM) 64-Bit Server VM (21.0.3+7-LTS-152, mixed mode, sharing, tiered, compressed oops, compressed class ptrs, g1 gc, windows-amd64)
GC Precious Log:
 CardTable entry size: 512
 Card Set container configuration: InlinePtr #cards 5 size 8 Array Of Cards #cards 12 size 40 Howl #buckets 4 coarsen threshold 1843 Howl Bitmap #cards 512 size 80 coarsen threshold 460 Card regions per heap region 1 cards per card region 2048
 CPUs: 16 total, 16 available
 Memory: 7501M
 Large Page Support: Disabled
 NUMA Support: Disabled
 Compressed Oops: Enabled (32-bit)
 Heap Region Size: 1M
 Heap Min Capacity: 8M
 Heap Initial Capacity: 118M
 Heap Max Capacity: 1876M
 Pre-touch: Disabled
 Parallel Workers: 13
 Concurrent Workers: 3
 Concurrent Refinement Workers: 13
 Periodic GC: Disabled
Heap:
 garbage-first heap   total 58368K, used 21504K [0x000000008ac00000, 0x0000000100000000)
  region size 1024K, 7 young (7168K), 1 survivors (1024K)
 Metaspace       used 23946K, committed 24192K, reserved 1114112K
  class space    used 2805K, committed 2880K, reserved 1048576K
GC Heap History (8 events):
Event: 5.052 GC heap before
{Heap before GC invocations=0 (full 0):
 garbage-first heap   total 120832K, used 23552K [0x000000008ac00000, 0x0000000100000000)
  region size 1024K, 23 young (23552K), 0 survivors (0K)
 Metaspace       used 5676K, committed 5888K, reserved 1114112K
  class space    used 659K, committed 768K, reserved 1048576K
}
Event: 5.081 GC heap after
{Heap after GC invocations=1 (full 0):
 garbage-first heap   total 120832K, used 3696K [0x000000008ac00000, 0x0000000100000000)
  region size 1024K, 3 young (3072K), 3 survivors (3072K)
 Metaspace       used 5676K, committed 5888K, reserved 1114112K
  class space    used 659K, committed 768K, reserved 1048576K
}
Event: 8.983 GC heap before
{Heap before GC invocations=1 (full 0):
 garbage-first heap   total 120832K, used 33392K [0x000000008ac00000, 0x0000000100000000)
  region size 1024K, 32 young (32768K), 3 survivors (3072K)
 Metaspace       used 9371K, committed 9600K, reserved 1114112K
  class space    used 1101K, committed 1216K, reserved 1048576K
}
Event: 8.997 GC heap after
{Heap after GC invocations=2 (full 0):
 garbage-first heap   total 120832K, used 5568K [0x000000008ac00000, 0x0000000100000000)
  region size 1024K, 2 young (2048K), 2 survivors (2048K)
 Metaspace       used 9371K, committed 9600K, reserved 1114112K
  class space    used 1101K, committed 1216K, reserved 1048576K
}
Event: 12.866 GC heap before
{Heap before GC invocations=2 (full 0):
 garbage-first heap   total 120832K, used 74176K [0x000000008ac00000, 0x0000000100000000)
  region size 1024K, 70 young (71680K), 2 survivors (2048K)
 Metaspace       used 18719K, committed 19008K, reserved 1114112K
  class space    used 2158K, committed 2304K, reserved 1048576K
}
Event: 12.909 GC heap after
{Heap after GC invocations=3 (full 0):
 garbage-first heap   total 120832K, used 14919K [0x000000008ac00000, 0x0000000100000000)
  region size 1024K, 9 young (9216K), 9 survivors (9216K)
 Metaspace       used 18719K, committed 19008K, reserved 1114112K
  class space    used 2158K, committed 2304K, reserved 1048576K
}
Event: 13.355 GC heap before
{Heap before GC invocations=3 (full 0):
 garbage-first heap   total 120832K, used 20039K [0x000000008ac00000, 0x0000000100000000)
  region size 1024K, 15 young (15360K), 9 survivors (9216K)
 Metaspace       used 21272K, committed 21504K, reserved 1114112K
  class space    used 2485K, committed 2624K, reserved 1048576K
}
Event: 13.376 GC heap after
{Heap after GC invocations=4 (full 0):
 garbage-first heap   total 120832K, used 16384K [0x000000008ac00000, 0x0000000100000000)
  region size 1024K, 1 young (1024K), 1 survivors (1024K)
 Metaspace       used 21272K, committed 21504K, reserved 1114112K
  class space    used 2485K, committed 2624K, reserved 1048576K
}

